<?xml version="1.0" encoding="UTF-8" standalone="no"?>
<testsuite errors="0" failures="3" name="io.cucumber.core.plugin.JUnitFormatter" skipped="0" tests="19" time="145.462">
    <testcase classname="F01_Register | users could register with new accounts" name="guest user could register with valid data successfully" time="9.14">
        <system-out><![CDATA[Given user go to register page..............................................passed
When user select gender type................................................passed
And user enter first name "automation" and last name "tester"...............passed
And user enter date of birth................................................passed
And user enter email "Hasnaa@example.com" field.............................passed
And user fills Password fields "P@ssw0rd" "P@ssw0rd"........................passed
Then user clicks on register button.........................................passed
And success message is displayed............................................passed
]]></system-out>
    </testcase>
    <testcase classname="F02_Login | users could use login functionality to use their accounts" name="user could login with valid email and password" time="7.209">
        <system-out><![CDATA[Given user go to login page.................................................passed
When user login with "valid" "Hasnaa@example.com" and "P@ssw0rd"............passed
And user press on login button..............................................passed
Then user login to the system successfully..................................passed
]]></system-out>
    </testcase>
    <testcase classname="F02_Login | users could use login functionality to use their accounts" name="user could not login with invalid email and password" time="6.241">
        <system-out><![CDATA[Given user go to login page.................................................passed
When user login with "invalid" "wrong@example.com" and "P@ssw0rd"...........passed
And user press on login button..............................................passed
Then user could not login to the system.....................................passed
]]></system-out>
    </testcase>
    <testcase classname="F03_currencies | user could select euro" name="user could select euro currency" time="5.711">
        <system-out><![CDATA[When user select Euro.......................................................passed
Then Euro Symbol is shown on the products displayed in Home page............passed
]]></system-out>
    </testcase>
    <testcase classname="F04_Search | user could search for any product" name="user could search using product name" time="5.798">
        <system-out><![CDATA[Given user clicks on search field...........................................passed
When user search with "book"................................................passed
Then user find "book" in search results.....................................passed
]]></system-out>
    </testcase>
    <testcase classname="F04_Search | user could search for any product" name="user could search using product name 2" time="5.929">
        <system-out><![CDATA[Given user clicks on search field...........................................passed
When user search with "laptop"..............................................passed
Then user find "laptop" in search results...................................passed
]]></system-out>
    </testcase>
    <testcase classname="F04_Search | user could search for any product" name="user could search using product name 3" time="5.958">
        <system-out><![CDATA[Given user clicks on search field...........................................passed
When user search with "nike"................................................passed
Then user find "nike" in search results.....................................passed
]]></system-out>
    </testcase>
    <testcase classname="F04_Search | user could search for any product" name="user could search for product using sku" time="7.676">
        <system-out><![CDATA[Given user clicks on search field...........................................passed
When user search with "SCI_FAITH"...........................................passed
And click on the product in search result...................................passed
Then product "SCI_FAITH" page opened........................................passed
]]></system-out>
    </testcase>
    <testcase classname="F04_Search | user could search for any product" name="user could search for product using sku 2" time="8.135">
        <system-out><![CDATA[Given user clicks on search field...........................................passed
When user search with "APPLE_CAM"...........................................passed
And click on the product in search result...................................passed
Then product "APPLE_CAM" page opened........................................passed
]]></system-out>
    </testcase>
    <testcase classname="F04_Search | user could search for any product" name="user could search for product using sku 3" time="7.646">
        <system-out><![CDATA[Given user clicks on search field...........................................passed
When user search with "SF_PRO_11"...........................................passed
And click on the product in search result...................................passed
Then product "SF_PRO_11" page opened........................................passed
]]></system-out>
    </testcase>
    <testcase classname="F05_hoverCategories | user could hover and select sub_category" name="user hover over selected category" time="6.451">
        <system-out><![CDATA[Given user hover over selected category.....................................passed
And select sub_category.....................................................passed
Then datails page Opened....................................................passed
]]></system-out>
    </testcase>
    <testcase classname="F06_homeSlider | user could click on the slider on the home page" name="user could click on nokia slider on home page" time="5.323">
        <failure message="The following asserts failed:&#10;&#9;expected [https://demo.nopcommerce.com/nokia-lumia-1020] but found [https://demo.nopcommerce.com/]" type="java.lang.AssertionError"><![CDATA[Given user click on the "2" slider..........................................passed
Then user could navigate to nokia page......................................failed

StackTrace:
java.lang.AssertionError: The following asserts failed:
	expected [https://demo.nopcommerce.com/nokia-lumia-1020] but found [https://demo.nopcommerce.com/]
	at org.testng.asserts.SoftAssert.assertAll(SoftAssert.java:46)
	at org.testng.asserts.SoftAssert.assertAll(SoftAssert.java:30)
	at org.example.stepDefs.D06_homeSlidersStepDef.user_could_navigate_to_nokia_page(D06_homeSlidersStepDef.java:22)
	at ✽.user could navigate to nokia page(file:///C:/Newfolder/demonopcommerce/src/main/resources/features/F06_homeSliders.feature:6)
]]></failure>
    </testcase>
    <testcase classname="F06_homeSlider | user could click on the slider on the home page" name="user could click on iphone slider on home page" time="5.897">
        <failure message="The following asserts failed:&#10;&#9;expected [https://demo.nopcommerce.com/iphone-6] but found [https://demo.nopcommerce.com/]" type="java.lang.AssertionError"><![CDATA[Given user click on the "1" slider..........................................passed
Then user could navigate to iphone page.....................................failed

StackTrace:
java.lang.AssertionError: The following asserts failed:
	expected [https://demo.nopcommerce.com/iphone-6] but found [https://demo.nopcommerce.com/]
	at org.testng.asserts.SoftAssert.assertAll(SoftAssert.java:46)
	at org.testng.asserts.SoftAssert.assertAll(SoftAssert.java:30)
	at org.example.stepDefs.D06_homeSlidersStepDef.user_could_navigate_to_iphone_page(D06_homeSlidersStepDef.java:28)
	at ✽.user could navigate to iphone page(file:///C:/Newfolder/demonopcommerce/src/main/resources/features/F06_homeSliders.feature:10)
]]></failure>
    </testcase>
    <testcase classname="F07_followUs | users could open followUs links" name="user opens facebook link" time="9.345">
        <system-out><![CDATA[When user opens facebook link...............................................passed
Then "https://www.facebook.com/nopCommerce" is opened in new tab............passed
]]></system-out>
    </testcase>
    <testcase classname="F07_followUs | users could open followUs links" name="user opens twitter link" time="9.46">
        <system-out><![CDATA[When user opens twitter link................................................passed
Then "https://twitter.com/nopCommerce" is opened in new tab.................passed
]]></system-out>
    </testcase>
    <testcase classname="F07_followUs | users could open followUs links" name="user opens rss link" time="9.667">
        <failure message="expected [https://demo.nopcommerce.com/new-online-store-is-open] but found [https://demo.nopcommerce.com/news/rss/1]" type="java.lang.AssertionError"><![CDATA[When user opens rss link....................................................passed
Then "https://demo.nopcommerce.com/new-online-store-is-open" is opened in new tab.failed

StackTrace:
java.lang.AssertionError: expected [https://demo.nopcommerce.com/new-online-store-is-open] but found [https://demo.nopcommerce.com/news/rss/1]
	at org.testng.Assert.fail(Assert.java:110)
	at org.testng.Assert.failNotEquals(Assert.java:1413)
	at org.testng.Assert.assertEqualsImpl(Assert.java:149)
	at org.testng.Assert.assertEquals(Assert.java:131)
	at org.testng.Assert.assertEquals(Assert.java:655)
	at org.testng.Assert.assertEquals(Assert.java:665)
	at org.example.stepDefs.D07_followUsStepDef.isOpenedInNewTab(D07_followUsStepDef.java:60)
	at ✽."https://demo.nopcommerce.com/new-online-store-is-open" is opened in new tab(file:///C:/Newfolder/demonopcommerce/src/main/resources/features/F07_followUs.feature:15)
]]></failure>
    </testcase>
    <testcase classname="F07_followUs | users could open followUs links" name="user opens youtube link" time="12.204">
        <system-out><![CDATA[When user opens youtube link................................................passed
Then "https://www.youtube.com/user/nopCommerce" is opened in new tab........passed
]]></system-out>
    </testcase>
    <testcase classname="F08_Wishlist | users could add product to wishlist" name="user add product to Wishlist" time="6.338">
        <system-out><![CDATA[Given user click on wishlist button on product..............................passed
Then Success message appear that product added to wishlist..................passed
]]></system-out>
    </testcase>
    <testcase classname="F08_Wishlist | users could add product to wishlist" name="user go to whishlist page" time="11.027">
        <system-out><![CDATA[Given user click on wishlist button.........................................passed
And user navigate to whishlist page.........................................passed
Then user get product quantity value........................................passed
]]></system-out>
    </testcase>
</testsuite>
